<?xml version="1.0" encoding="UTF-8"?>
<!-- Generated by org.testng.reporters.JUnitReportReporter -->
<testsuite hostname="Lenovo" failures="0" tests="1" name="campaingn.CampaignUrl" time="22.452" errors="0" timestamp="2021-09-28T19:53:29 IST" skipped="0">
  <testcase classname="campaingn.CampaignUrl" name="campaignUrl" time="22.452"/>
  <system-out/>
</testsuite> <!-- campaingn.CampaignUrl -->
